2021-03-25 22:14:47,624:main_project.Logs.service_logs:Assign days_historic parameter >= 2.
2021-03-25 22:14:47,628:main_project.Logs.service_logs:Assign days_historic parameter >= 2.
2021-03-25 22:18:27,148:main_project.Logs.service_logs:Assign days_historic parameter >= 2.
2021-03-25 22:18:27,152:main_project.Logs.service_logs:Assign days_historic parameter >= 2.
2021-03-25 22:18:59,483:main_project.Logs.service_logs:Assign days_historic parameter >= 2.
2021-03-25 22:18:59,487:main_project.Logs.service_logs:Assign days_historic parameter >= 2.
2021-03-25 22:19:21,856:main_project.Logs.service_logs:Assign days_historic parameter >= 2.
2021-03-25 22:19:21,861:main_project.Logs.service_logs:Assign days_historic parameter >= 2.
2021-03-25 22:23:09,166:main_project.Logs.service_logs:Assign days_historic parameter >= 2.
2021-03-25 22:23:09,170:main_project.Logs.service_logs:Assign days_historic parameter >= 2.
2021-03-25 22:26:07,275:main_project.Logs.service_logs:Assign days_historic parameter >= 2.
2021-03-25 22:26:07,279:main_project.Logs.service_logs:Assign days_historic parameter >= 2.
2021-03-25 22:37:20,023:main_project.Logs.service_logs:Assign days_historic parameter >= 2.
2021-03-25 22:37:20,028:main_project.Logs.service_logs:Assign days_historic parameter >= 2.
2021-03-25 22:39:57,506:main_project.Logs.service_logs:Assign days_historic parameter >= 2.
2021-03-25 22:39:57,512:main_project.Logs.service_logs:Assign days_historic parameter >= 2.
2021-03-25 22:48:41,786:main_project.Logs.service_logs:Assign days_historic parameter >= 2.
2021-03-25 22:48:41,791:main_project.Logs.service_logs:Assign days_historic parameter >= 2.
2021-03-25 22:52:58,856:main_project.Logs.service_logs:Assign days_historic parameter >= 2.
2021-03-25 22:52:58,859:main_project.Logs.service_logs:Assign days_historic parameter >= 2.
2021-03-25 23:02:57,743:main_project.Logs.service_logs:Assign days_historic parameter >= 2.
2021-03-25 23:02:57,747:main_project.Logs.service_logs:Assign days_historic parameter >= 2.
2021-03-25 23:06:36,296:main_project.Logs.service_logs:Assign days_historic parameter >= 2.
2021-03-25 23:06:36,300:main_project.Logs.service_logs:Assign days_historic parameter >= 2.
2021-03-25 23:15:22,993:main_project.Logs.service_logs:Assign days_historic parameter >= 2.
2021-03-25 23:15:22,998:main_project.Logs.service_logs:Assign days_historic parameter >= 2.
2021-03-25 23:16:34,186:main_project.Logs.service_logs:Assign days_historic parameter >= 2.
2021-03-25 23:16:34,192:main_project.Logs.service_logs:Assign days_historic parameter >= 2.
2021-03-25 23:19:19,292:main_project.Logs.service_logs:Assign days_historic parameter >= 2.
2021-03-25 23:19:19,296:main_project.Logs.service_logs:Assign days_historic parameter >= 2.
2021-03-25 23:19:47,013:main_project.Logs.service_logs:Assign days_historic parameter >= 2.
2021-03-25 23:19:47,017:main_project.Logs.service_logs:Assign days_historic parameter >= 2.
2021-03-25 23:20:08,928:main_project.Logs.service_logs:Assign days_historic parameter >= 2.
2021-03-25 23:20:08,933:main_project.Logs.service_logs:Assign days_historic parameter >= 2.
2021-03-25 23:21:30,812:main_project.Logs.service_logs:Assign days_historic parameter >= 2.
2021-03-25 23:21:30,817:main_project.Logs.service_logs:Assign days_historic parameter >= 2.
2021-03-25 23:31:02,171:main_project.Logs.service_logs:Assign days_historic parameter >= 2.
2021-03-25 23:31:02,175:main_project.Logs.service_logs:Assign days_historic parameter >= 2.
2021-03-25 23:35:03,060:main_project.Logs.service_logs:Assign days_historic parameter >= 2.
2021-03-25 23:35:03,064:main_project.Logs.service_logs:Assign days_historic parameter >= 2.
2021-03-25 23:37:25,782:main_project.Logs.service_logs:Assign days_historic parameter >= 2.
2021-03-25 23:37:25,785:main_project.Logs.service_logs:Assign days_historic parameter >= 2.
2021-03-25 23:42:28,396:main_project.Logs.service_logs:Assign days_historic parameter >= 2.
2021-03-25 23:42:28,399:main_project.Logs.service_logs:Assign days_historic parameter >= 2.
2021-03-25 23:47:56,118:main_project.Logs.service_logs:Assign days_historic parameter >= 2.
2021-03-25 23:47:56,120:main_project.Logs.service_logs:Assign days_historic parameter >= 2.
2021-03-25 23:49:42,508:main_project.Logs.service_logs:Assign days_historic parameter >= 2.
2021-03-25 23:49:42,510:main_project.Logs.service_logs:Assign days_historic parameter >= 2.
2021-03-25 23:51:11,063:main_project.Logs.service_logs:Assign days_historic parameter >= 2.
2021-03-25 23:51:11,066:main_project.Logs.service_logs:Assign days_historic parameter >= 2.
2021-03-25 23:53:01,569:main_project.Logs.service_logs:Assign days_historic parameter >= 2.
2021-03-25 23:53:01,573:main_project.Logs.service_logs:Assign days_historic parameter >= 2.
2021-03-25 23:56:14,831:main_project.Logs.service_logs:Assign days_historic parameter >= 2.
2021-03-25 23:56:14,833:main_project.Logs.service_logs:Assign days_historic parameter >= 2.
2021-03-25 23:57:15,349:main_project.Logs.service_logs:Assign days_historic parameter >= 2.
2021-03-25 23:57:15,352:main_project.Logs.service_logs:Assign days_historic parameter >= 2.
2021-03-25 23:59:02,603:main_project.Logs.service_logs:Assign days_historic parameter >= 2.
2021-03-25 23:59:02,605:main_project.Logs.service_logs:Assign days_historic parameter >= 2.
2021-03-26 00:01:37,188:main_project.Logs.service_logs:Assign days_historic parameter >= 2.
2021-03-26 00:01:37,191:main_project.Logs.service_logs:Assign days_historic parameter >= 2.
2021-03-26 00:02:14,556:main_project.Logs.service_logs:Assign days_historic parameter >= 2.
2021-03-26 00:02:14,560:main_project.Logs.service_logs:Assign days_historic parameter >= 2.
2021-03-26 00:03:07,264:main_project.Logs.service_logs:Assign days_historic parameter >= 2.
2021-03-26 00:03:07,268:main_project.Logs.service_logs:Assign days_historic parameter >= 2.
2021-03-26 00:05:31,770:main_project.Logs.service_logs:Assign days_historic parameter >= 2.
2021-03-26 00:05:31,774:main_project.Logs.service_logs:Assign days_historic parameter >= 2.
2021-03-26 00:05:46,630:main_project.Logs.service_logs:Assign days_historic parameter >= 2.
2021-03-26 00:05:46,633:main_project.Logs.service_logs:Assign days_historic parameter >= 2.
2021-03-26 00:49:34,441:main_project.Logs.service_logs:Assign days_historic parameter >= 2.
2021-03-26 00:49:34,444:main_project.Logs.service_logs:Assign days_historic parameter >= 2.
2021-03-26 00:51:07,873:main_project.Logs.service_logs:Assign days_historic parameter >= 2.
2021-03-26 00:51:07,875:main_project.Logs.service_logs:Assign days_historic parameter >= 2.
2021-03-26 00:53:53,185:main_project.Logs.service_logs:Assign days_historic parameter >= 2.
2021-03-26 00:53:53,188:main_project.Logs.service_logs:Assign days_historic parameter >= 2.
2021-03-26 00:56:11,005:main_project.Logs.service_logs:Assign days_historic parameter >= 2.
2021-03-26 00:56:11,007:main_project.Logs.service_logs:Assign days_historic parameter >= 2.
2021-03-26 01:06:32,587:main_project.Logs.service_logs:Assign days_historic parameter >= 2.
2021-03-26 01:06:32,589:main_project.Logs.service_logs:Assign days_historic parameter >= 2.
2021-03-26 01:07:06,201:main_project.Logs.service_logs:Assign days_historic parameter >= 2.
2021-03-26 01:07:06,204:main_project.Logs.service_logs:Assign days_historic parameter >= 2.
2021-03-26 01:07:37,791:main_project.Logs.service_logs:Assign days_historic parameter >= 2.
2021-03-26 01:07:37,794:main_project.Logs.service_logs:Assign days_historic parameter >= 2.
2021-03-26 01:13:10,754:main_project.Logs.service_logs:Assign days_historic parameter >= 2.
2021-03-26 01:13:10,758:main_project.Logs.service_logs:Assign days_historic parameter >= 2.
2021-03-26 01:21:45,117:main_project.Logs.service_logs:Assign days_historic parameter >= 2.
2021-03-26 01:21:45,119:main_project.Logs.service_logs:Assign days_historic parameter >= 2.
2021-03-26 01:41:57,484:main_project.Logs.service_logs:Assign days_historic parameter >= 2.
2021-03-26 01:41:57,487:main_project.Logs.service_logs:Assign days_historic parameter >= 2.
2021-03-26 01:45:03,043:main_project.Logs.service_logs:Assign days_historic parameter >= 2.
2021-03-26 01:45:03,046:main_project.Logs.service_logs:Assign days_historic parameter >= 2.
2021-03-26 01:46:23,240:main_project.Logs.service_logs:Assign days_historic parameter >= 2.
2021-03-26 01:46:23,242:main_project.Logs.service_logs:Assign days_historic parameter >= 2.
2021-03-26 01:47:09,146:main_project.Logs.service_logs:Assign days_historic parameter >= 2.
2021-03-26 01:47:09,148:main_project.Logs.service_logs:Assign days_historic parameter >= 2.
2021-03-26 01:48:18,804:main_project.Logs.service_logs:Assign days_historic parameter >= 2.
2021-03-26 01:48:18,806:main_project.Logs.service_logs:Assign days_historic parameter >= 2.
2021-03-26 01:51:57,240:main_project.Logs.service_logs:Assign days_historic parameter >= 2.
2021-03-26 01:51:57,242:main_project.Logs.service_logs:Assign days_historic parameter >= 2.
2021-03-26 01:57:18,233:main_project.Logs.service_logs:Assign days_historic parameter >= 2.
2021-03-26 01:57:18,235:main_project.Logs.service_logs:Assign days_historic parameter >= 2.
2021-03-26 01:59:32,152:main_project.Logs.service_logs:Assign days_historic parameter >= 2.
2021-03-26 01:59:32,154:main_project.Logs.service_logs:Assign days_historic parameter >= 2.
2021-03-26 02:00:30,858:main_project.Logs.service_logs:Assign days_historic parameter >= 2.
2021-03-26 02:00:30,860:main_project.Logs.service_logs:Assign days_historic parameter >= 2.
2021-03-26 02:01:04,120:main_project.Logs.service_logs:Assign days_historic parameter >= 2.
2021-03-26 02:01:04,122:main_project.Logs.service_logs:Assign days_historic parameter >= 2.
2021-03-26 02:03:08,533:main_project.Logs.service_logs:Assign days_historic parameter >= 2.
2021-03-26 02:03:08,535:main_project.Logs.service_logs:Assign days_historic parameter >= 2.
2021-03-26 02:03:45,017:main_project.Logs.service_logs:Assign days_historic parameter >= 2.
2021-03-26 02:03:45,019:main_project.Logs.service_logs:Assign days_historic parameter >= 2.
2021-03-26 02:05:10,059:main_project.Logs.service_logs:Assign days_historic parameter >= 2.
2021-03-26 02:05:10,062:main_project.Logs.service_logs:Assign days_historic parameter >= 2.
2021-03-26 02:07:33,864:main_project.Logs.service_logs:Assign days_historic parameter >= 2.
2021-03-26 02:07:33,867:main_project.Logs.service_logs:Assign days_historic parameter >= 2.
2021-03-26 02:08:30,945:main_project.Logs.service_logs:Assign days_historic parameter >= 2.
2021-03-26 02:08:30,948:main_project.Logs.service_logs:Assign days_historic parameter >= 2.
2021-03-26 02:08:52,300:main_project.Logs.service_logs:Assign days_historic parameter >= 2.
2021-03-26 02:08:52,302:main_project.Logs.service_logs:Assign days_historic parameter >= 2.
2021-03-26 02:09:22,939:main_project.Logs.service_logs:Assign days_historic parameter >= 2.
2021-03-26 02:09:22,941:main_project.Logs.service_logs:Assign days_historic parameter >= 2.
2021-03-26 02:10:48,510:main_project.Logs.service_logs:Assign days_historic parameter >= 2.
2021-03-26 02:10:48,513:main_project.Logs.service_logs:Assign days_historic parameter >= 2.
2021-03-26 02:13:36,934:main_project.Logs.service_logs:Assign days_historic parameter >= 2.
2021-03-26 02:13:36,936:main_project.Logs.service_logs:Assign days_historic parameter >= 2.
2021-03-26 02:15:52,248:main_project.Logs.service_logs:Assign days_historic parameter >= 2.
2021-03-26 02:15:52,251:main_project.Logs.service_logs:Assign days_historic parameter >= 2.
2021-03-26 02:18:20,920:main_project.Logs.service_logs:Assign days_historic parameter >= 2.
2021-03-26 02:18:20,921:main_project.Logs.service_logs:Assign days_historic parameter >= 2.
2021-03-26 02:19:55,389:main_project.Logs.service_logs:Assign days_historic parameter >= 2.
2021-03-26 02:19:55,392:main_project.Logs.service_logs:Assign days_historic parameter >= 2.
2021-03-26 02:21:14,990:main_project.Logs.service_logs:Assign days_historic parameter >= 2.
2021-03-26 02:21:14,992:main_project.Logs.service_logs:Assign days_historic parameter >= 2.
2021-03-26 02:24:17,339:main_project.Logs.service_logs:Assign days_historic parameter >= 2.
2021-03-26 02:24:17,342:main_project.Logs.service_logs:Assign days_historic parameter >= 2.
2021-03-26 02:25:51,301:main_project.Logs.service_logs:Assign days_historic parameter >= 2.
2021-03-26 02:25:51,303:main_project.Logs.service_logs:Assign days_historic parameter >= 2.
2021-03-26 02:27:39,737:main_project.Logs.service_logs:Assign days_historic parameter >= 2.
2021-03-26 02:27:39,739:main_project.Logs.service_logs:Assign days_historic parameter >= 2.
2021-03-26 02:28:51,806:main_project.Logs.service_logs:Assign days_historic parameter >= 2.
2021-03-26 02:28:51,808:main_project.Logs.service_logs:Assign days_historic parameter >= 2.
2021-03-26 02:31:19,237:main_project.Logs.service_logs:Assign days_historic parameter >= 2.
2021-03-26 02:31:19,240:main_project.Logs.service_logs:Assign days_historic parameter >= 2.
2021-03-26 02:35:57,861:main_project.Logs.service_logs:Assign days_historic parameter >= 2.
2021-03-26 02:35:57,863:main_project.Logs.service_logs:Assign days_historic parameter >= 2.
2021-03-26 02:38:28,315:main_project.Logs.service_logs:Assign days_historic parameter >= 2.
2021-03-26 02:38:28,317:main_project.Logs.service_logs:Assign days_historic parameter >= 2.
2021-03-26 02:40:27,078:main_project.Logs.service_logs:Assign days_historic parameter >= 2.
2021-03-26 02:40:27,080:main_project.Logs.service_logs:Assign days_historic parameter >= 2.
2021-03-26 02:41:04,171:main_project.Logs.service_logs:Assign days_historic parameter >= 2.
2021-03-26 02:41:04,173:main_project.Logs.service_logs:Assign days_historic parameter >= 2.
2021-03-26 02:42:36,398:main_project.Logs.service_logs:Assign days_historic parameter >= 2.
2021-03-26 02:42:36,401:main_project.Logs.service_logs:Assign days_historic parameter >= 2.
2021-03-26 02:44:51,250:main_project.Logs.service_logs:Assign days_historic parameter >= 2.
2021-03-26 02:44:51,252:main_project.Logs.service_logs:Assign days_historic parameter >= 2.
2021-03-26 02:46:37,846:main_project.Logs.service_logs:Assign days_historic parameter >= 2.
2021-03-26 02:46:37,849:main_project.Logs.service_logs:Assign days_historic parameter >= 2.
2021-03-26 02:48:18,592:main_project.Logs.service_logs:Assign days_historic parameter >= 2.
2021-03-26 02:48:18,594:main_project.Logs.service_logs:Assign days_historic parameter >= 2.
2021-03-26 02:48:32,762:main_project.Logs.service_logs:Assign days_historic parameter >= 2.
2021-03-26 02:48:32,765:main_project.Logs.service_logs:Assign days_historic parameter >= 2.
2021-03-26 02:49:44,822:main_project.Logs.service_logs:Assign days_historic parameter >= 2.
2021-03-26 02:49:44,825:main_project.Logs.service_logs:Assign days_historic parameter >= 2.
2021-03-26 02:50:10,206:main_project.Logs.service_logs:Assign days_historic parameter >= 2.
2021-03-26 02:50:10,209:main_project.Logs.service_logs:Assign days_historic parameter >= 2.
2021-03-26 02:50:41,502:main_project.Logs.service_logs:Assign days_historic parameter >= 2.
2021-03-26 02:50:41,504:main_project.Logs.service_logs:Assign days_historic parameter >= 2.
2021-03-26 02:53:23,593:main_project.Logs.service_logs:Assign days_historic parameter >= 2.
2021-03-26 02:53:23,595:main_project.Logs.service_logs:Assign days_historic parameter >= 2.
2021-03-26 02:55:11,179:main_project.Logs.service_logs:Assign days_historic parameter >= 2.
2021-03-26 02:55:11,182:main_project.Logs.service_logs:Assign days_historic parameter >= 2.
2021-03-26 02:56:21,799:main_project.Logs.service_logs:Assign days_historic parameter >= 2.
2021-03-26 02:56:21,801:main_project.Logs.service_logs:Assign days_historic parameter >= 2.
2021-03-26 02:57:45,531:main_project.Logs.service_logs:Assign days_historic parameter >= 2.
2021-03-26 02:57:45,534:main_project.Logs.service_logs:Assign days_historic parameter >= 2.
2021-03-26 02:58:04,012:main_project.Logs.service_logs:Assign days_historic parameter >= 2.
2021-03-26 02:58:04,015:main_project.Logs.service_logs:Assign days_historic parameter >= 2.
2021-03-26 02:58:55,625:main_project.Logs.service_logs:Assign days_historic parameter >= 2.
2021-03-26 02:58:55,626:main_project.Logs.service_logs:Assign days_historic parameter >= 2.
2021-03-26 03:01:20,767:main_project.Logs.service_logs:Assign days_historic parameter >= 2.
2021-03-26 03:01:20,769:main_project.Logs.service_logs:Assign days_historic parameter >= 2.
2021-03-26 03:02:46,845:main_project.Logs.service_logs:Assign days_historic parameter >= 2.
2021-03-26 03:02:46,848:main_project.Logs.service_logs:Assign days_historic parameter >= 2.
2021-03-26 03:03:43,876:main_project.Logs.service_logs:Assign days_historic parameter >= 2.
2021-03-26 03:03:43,878:main_project.Logs.service_logs:Assign days_historic parameter >= 2.
2021-03-26 03:04:24,268:main_project.Logs.service_logs:Assign days_historic parameter >= 2.
2021-03-26 03:04:24,271:main_project.Logs.service_logs:Assign days_historic parameter >= 2.
2021-03-26 03:04:48,859:main_project.Logs.service_logs:Assign days_historic parameter >= 2.
2021-03-26 03:04:48,860:main_project.Logs.service_logs:Assign days_historic parameter >= 2.
2021-03-26 03:08:08,948:main_project.Logs.service_logs:Assign days_historic parameter >= 2.
2021-03-26 03:08:08,951:main_project.Logs.service_logs:Assign days_historic parameter >= 2.
2021-03-26 03:08:38,691:main_project.Logs.service_logs:Assign days_historic parameter >= 2.
2021-03-26 03:08:38,693:main_project.Logs.service_logs:Assign days_historic parameter >= 2.
2021-03-26 03:10:49,149:main_project.Logs.service_logs:Assign days_historic parameter >= 2.
2021-03-26 03:10:49,151:main_project.Logs.service_logs:Assign days_historic parameter >= 2.
2021-03-26 03:32:45,034:main_project.Logs.service_logs:Assign days_historic parameter >= 2.
2021-03-26 03:32:45,037:main_project.Logs.service_logs:Assign days_historic parameter >= 2.
2021-03-26 03:33:51,197:main_project.Logs.service_logs:Assign days_historic parameter >= 2.
2021-03-26 03:33:51,199:main_project.Logs.service_logs:Assign days_historic parameter >= 2.
2021-03-26 03:38:53,492:main_project.Logs.service_logs:Assign days_historic parameter >= 2.
2021-03-26 03:38:53,495:main_project.Logs.service_logs:Assign days_historic parameter >= 2.
2021-03-26 03:39:52,432:main_project.Logs.service_logs:Assign days_historic parameter >= 2.
2021-03-26 03:39:52,434:main_project.Logs.service_logs:Assign days_historic parameter >= 2.
2021-03-26 03:41:06,565:main_project.Logs.service_logs:Assign days_historic parameter >= 2.
2021-03-26 03:41:06,568:main_project.Logs.service_logs:Assign days_historic parameter >= 2.
2021-03-26 03:41:44,940:main_project.Logs.service_logs:Assign days_historic parameter >= 2.
2021-03-26 03:41:44,943:main_project.Logs.service_logs:Assign days_historic parameter >= 2.
2021-03-26 03:45:15,619:main_project.Logs.service_logs:Assign days_historic parameter >= 2.
2021-03-26 03:45:15,622:main_project.Logs.service_logs:Assign days_historic parameter >= 2.
2021-03-26 03:45:43,083:main_project.Logs.service_logs:Assign days_historic parameter >= 2.
2021-03-26 03:45:43,086:main_project.Logs.service_logs:Assign days_historic parameter >= 2.
2021-03-26 03:47:04,072:main_project.Logs.service_logs:Assign days_historic parameter >= 2.
2021-03-26 03:47:04,074:main_project.Logs.service_logs:Assign days_historic parameter >= 2.
2021-03-26 03:47:22,854:main_project.Logs.service_logs:Assign days_historic parameter >= 2.
2021-03-26 03:47:22,856:main_project.Logs.service_logs:Assign days_historic parameter >= 2.
2021-03-26 03:47:47,673:main_project.Logs.service_logs:Assign days_historic parameter >= 2.
2021-03-26 03:47:47,676:main_project.Logs.service_logs:Assign days_historic parameter >= 2.
2021-03-26 03:48:03,780:main_project.Logs.service_logs:Assign days_historic parameter >= 2.
2021-03-26 03:48:03,783:main_project.Logs.service_logs:Assign days_historic parameter >= 2.
2021-03-26 03:49:16,622:main_project.Logs.service_logs:Assign days_historic parameter >= 2.
2021-03-26 03:49:16,625:main_project.Logs.service_logs:Assign days_historic parameter >= 2.
2021-03-26 03:51:39,957:main_project.Logs.service_logs:Assign days_historic parameter >= 2.
2021-03-26 03:51:39,960:main_project.Logs.service_logs:Assign days_historic parameter >= 2.
2021-03-26 03:52:24,408:main_project.Logs.service_logs:Assign days_historic parameter >= 2.
2021-03-26 03:52:24,411:main_project.Logs.service_logs:Assign days_historic parameter >= 2.
2021-03-26 03:54:05,584:main_project.Logs.service_logs:Assign days_historic parameter >= 2.
2021-03-26 03:54:05,586:main_project.Logs.service_logs:Assign days_historic parameter >= 2.
2021-03-26 03:54:25,685:main_project.Logs.service_logs:Assign days_historic parameter >= 2.
2021-03-26 03:54:25,687:main_project.Logs.service_logs:Assign days_historic parameter >= 2.
2021-03-26 03:58:35,917:main_project.Logs.service_logs:Assign days_historic parameter >= 2.
2021-03-26 03:58:35,919:main_project.Logs.service_logs:Assign days_historic parameter >= 2.
2021-03-26 04:00:19,146:main_project.Logs.service_logs:Assign days_historic parameter >= 2.
2021-03-26 04:00:19,148:main_project.Logs.service_logs:Assign days_historic parameter >= 2.
2021-03-26 04:00:55,282:main_project.Logs.service_logs:Assign days_historic parameter >= 2.
2021-03-26 04:00:55,284:main_project.Logs.service_logs:Assign days_historic parameter >= 2.
2021-03-26 04:01:38,572:main_project.Logs.service_logs:Assign days_historic parameter >= 2.
2021-03-26 04:01:38,574:main_project.Logs.service_logs:Assign days_historic parameter >= 2.
2021-03-26 04:02:22,292:main_project.Logs.service_logs:Assign days_historic parameter >= 2.
2021-03-26 04:02:22,294:main_project.Logs.service_logs:Assign days_historic parameter >= 2.
2021-03-26 04:04:03,737:main_project.Logs.service_logs:Assign days_historic parameter >= 2.
2021-03-26 04:04:03,739:main_project.Logs.service_logs:Assign days_historic parameter >= 2.
2021-03-26 04:06:11,955:main_project.Logs.service_logs:Assign days_historic parameter >= 2.
2021-03-26 04:06:11,957:main_project.Logs.service_logs:Assign days_historic parameter >= 2.
2021-03-26 04:06:22,328:main_project.Logs.service_logs:Assign days_historic parameter >= 2.
2021-03-26 04:06:22,330:main_project.Logs.service_logs:Assign days_historic parameter >= 2.
2021-03-26 04:06:38,772:main_project.Logs.service_logs:Assign days_historic parameter >= 2.
2021-03-26 04:06:38,774:main_project.Logs.service_logs:Assign days_historic parameter >= 2.
2021-03-26 04:07:45,654:main_project.Logs.service_logs:Assign days_historic parameter >= 2.
2021-03-26 04:07:45,656:main_project.Logs.service_logs:Assign days_historic parameter >= 2.
2021-03-26 04:07:55,626:main_project.Logs.service_logs:Assign days_historic parameter >= 2.
2021-03-26 04:07:55,628:main_project.Logs.service_logs:Assign days_historic parameter >= 2.
2021-03-26 04:13:24,372:main_project.Logs.service_logs:Assign days_historic parameter >= 2.
2021-03-26 04:13:24,376:main_project.Logs.service_logs:Assign days_historic parameter >= 2.
2021-03-26 04:15:17,671:main_project.Logs.service_logs:Assign days_historic parameter >= 2.
2021-03-26 04:15:17,673:main_project.Logs.service_logs:Assign days_historic parameter >= 2.
2021-03-26 04:18:23,213:main_project.Logs.service_logs:Assign days_historic parameter >= 2.
2021-03-26 04:18:23,215:main_project.Logs.service_logs:Assign days_historic parameter >= 2.
2021-03-26 04:19:53,617:main_project.Logs.service_logs:Assign days_historic parameter >= 2.
2021-03-26 04:19:53,619:main_project.Logs.service_logs:Assign days_historic parameter >= 2.
2021-03-26 04:23:03,980:main_project.Logs.service_logs:Assign days_historic parameter >= 2.
2021-03-26 04:23:03,982:main_project.Logs.service_logs:Assign days_historic parameter >= 2.
2021-03-26 04:23:23,249:main_project.Logs.service_logs:Assign days_historic parameter >= 2.
2021-03-26 04:23:23,251:main_project.Logs.service_logs:Assign days_historic parameter >= 2.
2021-03-26 09:08:01,829:main_project.Logs.service_logs:Assign days_historic parameter >= 2.
2021-03-26 09:08:01,832:main_project.Logs.service_logs:Assign days_historic parameter >= 2.
2021-03-26 09:09:11,969:main_project.Logs.service_logs:Assign days_historic parameter >= 2.
2021-03-26 09:09:11,972:main_project.Logs.service_logs:Assign days_historic parameter >= 2.
2021-03-26 09:20:43,749:main_project.Logs.service_logs:Assign days_historic parameter >= 2.
2021-03-26 09:20:43,751:main_project.Logs.service_logs:Assign days_historic parameter >= 2.
2021-03-26 09:21:00,906:main_project.Logs.service_logs:Assign days_historic parameter >= 2.
2021-03-26 09:21:00,909:main_project.Logs.service_logs:Assign days_historic parameter >= 2.
2021-03-26 09:56:43,308:main_project.Logs.service_logs:Assign days_historic parameter >= 2.
2021-03-26 09:56:43,311:main_project.Logs.service_logs:Assign days_historic parameter >= 2.
2021-03-11 17:00:00,000:main_project.Logs.service_logs:Assign days_historic parameter >= 2.
2021-03-11 17:00:00,000:main_project.Logs.service_logs:Assign days_historic parameter >= 2.
2021-03-11 17:00:00,000:main_project.Logs.service_logs:Assign days_historic parameter >= 2.
2021-03-11 17:00:00,000:main_project.Logs.service_logs:Assign days_historic parameter >= 2.
2021-03-11 17:00:00,000:main_project.Logs.service_logs:Assign days_historic parameter >= 2.
2021-03-11 17:00:00,000:main_project.Logs.service_logs:Assign days_historic parameter >= 2.
2021-03-11 17:00:00,000:main_project.Logs.service_logs:Assign days_historic parameter >= 2.
2021-03-11 17:00:00,000:main_project.Logs.service_logs:Assign days_historic parameter >= 2.
2021-03-11 17:00:00,000:main_project.Logs.service_logs:Assign days_historic parameter >= 2.
2021-03-11 17:00:00,000:main_project.Logs.service_logs:Assign days_historic parameter >= 2.
2021-03-11 17:00:00,000:main_project.Logs.service_logs:Assign days_historic parameter >= 2.
2021-03-11 17:00:00,000:main_project.Logs.service_logs:Assign days_historic parameter >= 2.
2021-03-11 17:00:00,000:main_project.Logs.service_logs:Assign days_historic parameter >= 2.
2021-03-11 17:00:00,000:main_project.Logs.service_logs:Assign days_historic parameter >= 2.
2021-03-11 17:00:00,000:main_project.Logs.service_logs:Assign days_historic parameter >= 2.
2021-03-11 17:00:00,000:main_project.Logs.service_logs:Assign days_historic parameter >= 2.
2021-03-11 17:00:00,000:main_project.Logs.service_logs:Assign days_historic parameter >= 2.
2021-03-11 17:00:00,000:main_project.Logs.service_logs:Assign days_historic parameter >= 2.
2021-03-11 17:00:00,000:main_project.Logs.service_logs:Assign days_historic parameter >= 2.
2021-03-11 17:00:00,000:main_project.Logs.service_logs:Assign days_historic parameter >= 2.
2021-03-11 17:00:00,000:main_project.Logs.service_logs:Assign days_historic parameter >= 2.
2021-03-11 17:00:00,000:main_project.Logs.service_logs:Assign days_historic parameter >= 2.
2021-03-11 17:00:00,000:main_project.Logs.service_logs:Assign days_historic parameter >= 2.
2021-03-11 17:00:00,000:main_project.Logs.service_logs:Assign days_historic parameter >= 2.
2021-03-11 17:00:00,000:main_project.Logs.service_logs:Assign days_historic parameter >= 2.
2021-03-11 17:00:00,000:main_project.Logs.service_logs:Assign days_historic parameter >= 2.
2021-03-11 17:00:00,000:main_project.Logs.service_logs:Assign days_historic parameter >= 2.
2021-03-11 17:00:00,000:main_project.Logs.service_logs:Assign days_historic parameter >= 2.
2021-03-11 17:00:00,000:main_project.Logs.service_logs:Assign days_historic parameter >= 2.
2021-03-11 17:00:00,000:main_project.Logs.service_logs:Assign days_historic parameter >= 2.
2021-03-11 17:00:00,000:main_project.Logs.service_logs:Assign days_historic parameter >= 2.
2021-03-11 17:00:00,000:main_project.Logs.service_logs:Assign days_historic parameter >= 2.
2021-03-11 17:00:00,000:main_project.Logs.service_logs:Assign days_historic parameter >= 2.
2021-03-11 17:00:00,000:main_project.Logs.service_logs:Assign days_historic parameter >= 2.
2021-03-11 17:00:00,000:main_project.Logs.service_logs:Assign days_historic parameter >= 2.
2021-03-11 17:00:00,000:main_project.Logs.service_logs:Assign days_historic parameter >= 2.
2021-03-31 16:15:15,000:main_project.Logs.service_logs:Failed to process raw data for bikes usage based on location.Check data stored in raw DB.
Traceback (most recent call last):
  File "C:\Users\joshu\OneDrive\Documents\Semester2\Advance_Software_Engineering\sustainable-city-management\sustainableCityManagement\main_project\Bike_API\store_processed_bikedata_to_db.py", line 63, in store_bikedata
    for stand_details in item["historical"]:
KeyError: 'historical'
2021-03-11 17:00:00,000:main_project.Logs.service_logs:Assign days_historic parameter >= 2.
2021-03-11 17:00:00,000:main_project.Logs.service_logs:Assign days_historic parameter >= 2.
2021-03-31 16:15:15,000:main_project.Logs.service_logs:Failed to process raw data for bikes usage based on location.Check data stored in raw DB.
Traceback (most recent call last):
  File "C:\Users\joshu\OneDrive\Documents\Semester2\Advance_Software_Engineering\sustainable-city-management\sustainableCityManagement\main_project\Bike_API\store_processed_bikedata_to_db.py", line 63, in store_bikedata
    for stand_details in item["historical"]:
KeyError: 'historical'
2021-03-11 17:00:00,000:main_project.Logs.service_logs:Assign days_historic parameter >= 2.
2021-03-11 17:00:00,000:main_project.Logs.service_logs:Assign days_historic parameter >= 2.
2021-03-31 16:15:15,000:main_project.Logs.service_logs:Failed to process raw data for bikes usage based on location.Check data stored in raw DB.
Traceback (most recent call last):
  File "C:\Users\joshu\OneDrive\Documents\Semester2\Advance_Software_Engineering\sustainable-city-management\sustainableCityManagement\main_project\Bike_API\store_processed_bikedata_to_db.py", line 63, in store_bikedata
    for stand_details in item["historical"]:
KeyError: 'historical'
2021-03-11 17:00:00,000:main_project.Logs.service_logs:Assign days_historic parameter >= 2.
2021-03-11 17:00:00,000:main_project.Logs.service_logs:Assign days_historic parameter >= 2.
2021-03-11 17:00:00,000:main_project.Logs.service_logs:Assign days_historic parameter >= 2.
2021-03-11 17:00:00,000:main_project.Logs.service_logs:Assign days_historic parameter >= 2.
2021-03-11 17:00:00,000:main_project.Logs.service_logs:Assign days_historic parameter >= 2.
2021-03-11 17:00:00,000:main_project.Logs.service_logs:Assign days_historic parameter >= 2.
2021-03-31 16:15:15,000:main_project.Logs.service_logs:Failed to process raw data for bikes usage based on location.Check data stored in raw DB.
Traceback (most recent call last):
  File "C:\Users\joshu\OneDrive\Documents\Semester2\Advance_Software_Engineering\sustainable-city-management\sustainableCityManagement\main_project\Bike_API\store_processed_bikedata_to_db.py", line 63, in store_bikedata
    for stand_details in item["historical"]:
KeyError: 'historical'
2021-03-11 17:00:00,000:main_project.Logs.service_logs:Assign days_historic parameter >= 2.
2021-03-11 17:00:00,000:main_project.Logs.service_logs:Assign days_historic parameter >= 2.
2021-03-11 17:00:00,000:main_project.Logs.service_logs:Assign days_historic parameter >= 2.
2021-03-11 17:00:00,000:main_project.Logs.service_logs:Assign days_historic parameter >= 2.
2021-03-11 17:00:00,000:main_project.Logs.service_logs:Assign days_historic parameter >= 2.
2021-03-11 17:00:00,000:main_project.Logs.service_logs:Assign days_historic parameter >= 2.
2021-03-11 17:00:00,000:main_project.Logs.service_logs:Assign days_historic parameter >= 2.
2021-03-11 17:00:00,000:main_project.Logs.service_logs:Assign days_historic parameter >= 2.
2021-03-11 17:00:00,000:main_project.Logs.service_logs:Assign days_historic parameter >= 2.
2021-03-11 17:00:00,000:main_project.Logs.service_logs:Assign days_historic parameter >= 2.
2021-03-11 17:00:00,000:main_project.Logs.service_logs:Assign days_historic parameter >= 2.
2021-03-11 17:00:00,000:main_project.Logs.service_logs:Assign days_historic parameter >= 2.
2021-03-11 17:00:00,000:main_project.Logs.service_logs:Assign days_historic parameter >= 2.
2021-03-11 17:00:00,000:main_project.Logs.service_logs:Assign days_historic parameter >= 2.
2021-03-11 17:00:00,000:main_project.Logs.service_logs:Assign days_historic parameter >= 2.
2021-03-11 17:00:00,000:main_project.Logs.service_logs:Assign days_historic parameter >= 2.
2021-03-11 17:00:00,000:main_project.Logs.service_logs:Assign days_historic parameter >= 2.
2021-03-11 17:00:00,000:main_project.Logs.service_logs:Assign days_historic parameter >= 2.
2021-03-11 17:00:00,000:main_project.Logs.service_logs:Assign days_historic parameter >= 2.
2021-03-11 17:00:00,000:main_project.Logs.service_logs:Assign days_historic parameter >= 2.
2021-03-11 17:00:00,000:main_project.Logs.service_logs:Assign days_historic parameter >= 2.
2021-03-11 17:00:00,000:main_project.Logs.service_logs:Assign days_historic parameter >= 2.
2021-03-11 17:00:00,000:main_project.Logs.service_logs:Assign days_historic parameter >= 2.
2021-03-11 17:00:00,000:main_project.Logs.service_logs:Assign days_historic parameter >= 2.
2021-03-11 17:00:00,000:main_project.Logs.service_logs:Assign days_historic parameter >= 2.
2021-03-11 17:00:00,000:main_project.Logs.service_logs:Assign days_historic parameter >= 2.
2021-03-11 17:00:00,000:main_project.Logs.service_logs:Assign days_historic parameter >= 2.
2021-03-11 17:00:00,000:main_project.Logs.service_logs:Assign days_historic parameter >= 2.
2021-03-11 17:00:00,000:main_project.Logs.service_logs:Assign days_historic parameter >= 2.
2021-03-11 17:00:00,000:main_project.Logs.service_logs:Assign days_historic parameter >= 2.
2021-03-11 17:00:00,000:main_project.Logs.service_logs:Assign days_historic parameter >= 2.
2021-03-11 17:00:00,000:main_project.Logs.service_logs:Assign days_historic parameter >= 2.
2021-03-11 17:00:00,000:main_project.Logs.service_logs:Assign days_historic parameter >= 2.
2021-03-11 17:00:00,000:main_project.Logs.service_logs:Assign days_historic parameter >= 2.
2021-03-11 17:00:00,000:main_project.Logs.service_logs:Assign days_historic parameter >= 2.
2021-03-11 17:00:00,000:main_project.Logs.service_logs:Assign days_historic parameter >= 2.
2021-03-11 17:00:00,000:main_project.Logs.service_logs:Assign days_historic parameter >= 2.
2021-03-11 17:00:00,000:main_project.Logs.service_logs:Assign days_historic parameter >= 2.
2021-03-11 17:00:00,000:main_project.Logs.service_logs:Assign days_historic parameter >= 2.
2021-03-11 17:00:00,000:main_project.Logs.service_logs:Assign days_historic parameter >= 2.
2021-03-11 17:00:00,000:main_project.Logs.service_logs:Assign days_historic parameter >= 2.
2021-03-11 17:00:00,000:main_project.Logs.service_logs:Assign days_historic parameter >= 2.
2021-03-11 17:00:00,000:main_project.Logs.service_logs:Assign days_historic parameter >= 2.
2021-03-11 17:00:00,000:main_project.Logs.service_logs:Assign days_historic parameter >= 2.
2021-03-11 17:00:00,000:main_project.Logs.service_logs:Assign days_historic parameter >= 2.
2021-03-11 17:00:00,000:main_project.Logs.service_logs:Assign days_historic parameter >= 2.
2021-03-11 17:00:00,000:main_project.Logs.service_logs:Assign days_historic parameter >= 2.
2021-03-11 17:00:00,000:main_project.Logs.service_logs:Assign days_historic parameter >= 2.
2021-03-11 17:00:00,000:main_project.Logs.service_logs:Assign days_historic parameter >= 2.
2021-03-11 17:00:00,000:main_project.Logs.service_logs:Assign days_historic parameter >= 2.
2021-03-11 17:00:00,000:main_project.Logs.service_logs:Assign days_historic parameter >= 2.
2021-03-11 17:00:00,000:main_project.Logs.service_logs:Assign days_historic parameter >= 2.
2021-03-11 17:00:00,000:main_project.Logs.service_logs:Assign days_historic parameter >= 2.
2021-03-11 17:00:00,000:main_project.Logs.service_logs:Assign days_historic parameter >= 2.
2021-03-11 17:00:00,000:main_project.Logs.service_logs:Assign days_historic parameter >= 2.
2021-03-11 17:00:00,000:main_project.Logs.service_logs:Assign days_historic parameter >= 2.
2021-03-11 17:00:00,000:main_project.Logs.service_logs:Assign days_historic parameter >= 2.
2021-03-11 17:00:00,000:main_project.Logs.service_logs:Assign days_historic parameter >= 2.
2021-03-11 17:00:00,000:main_project.Logs.service_logs:Assign days_historic parameter >= 2.
2021-03-11 17:00:00,000:main_project.Logs.service_logs:Assign days_historic parameter >= 2.
2021-03-11 17:00:00,000:main_project.Logs.service_logs:Assign days_historic parameter >= 2.
2021-03-11 17:00:00,000:main_project.Logs.service_logs:Assign days_historic parameter >= 2.
2021-03-11 17:00:00,000:main_project.Logs.service_logs:Assign days_historic parameter >= 2.
2021-03-11 17:00:00,000:main_project.Logs.service_logs:Assign days_historic parameter >= 2.
2021-03-11 17:00:00,000:main_project.Logs.service_logs:Assign days_historic parameter >= 2.
2021-03-11 17:00:00,000:main_project.Logs.service_logs:Assign days_historic parameter >= 2.
2021-03-11 17:00:00,000:main_project.Logs.service_logs:Assign days_historic parameter >= 2.
2021-03-11 17:00:00,000:main_project.Logs.service_logs:Assign days_historic parameter >= 2.
2021-03-11 17:00:00,000:main_project.Logs.service_logs:Assign days_historic parameter >= 2.
2021-03-11 17:00:00,000:main_project.Logs.service_logs:Assign days_historic parameter >= 2.
2021-03-31 16:15:15,000:main_project.Logs.service_logs:Failed to process raw data for bikes availability based on location.Check data stored in raw DB.
Traceback (most recent call last):
  File "C:\Users\joshu\OneDrive\Documents\Semester2\Advance_Software_Engineering\sustainable-city-management\sustainableCityManagement\main_project\Bike_API\store_processed_bikedata_to_db.py", line 121, in store_bikedata_all_locations
    return qset
NameError: name 'qset' is not defined
2021-03-11 17:00:00,000:main_project.Logs.service_logs:Assign days_historic parameter >= 2.
2021-03-11 17:00:00,000:main_project.Logs.service_logs:Assign days_historic parameter >= 2.
2021-03-31 16:15:15,000:main_project.Logs.service_logs:Failed to process raw data for bikes availability based on location.Check data stored in raw DB.
Traceback (most recent call last):
  File "C:\Users\joshu\OneDrive\Documents\Semester2\Advance_Software_Engineering\sustainable-city-management\sustainableCityManagement\main_project\Bike_API\store_processed_bikedata_to_db.py", line 121, in store_bikedata_all_locations
    return qset
NameError: name 'qset' is not defined
2021-03-11 17:00:00,000:main_project.Logs.service_logs:Assign days_historic parameter >= 2.
2021-03-11 17:00:00,000:main_project.Logs.service_logs:Assign days_historic parameter >= 2.
2021-03-11 17:00:00,000:main_project.Logs.service_logs:Assign days_historic parameter >= 2.
2021-03-11 17:00:00,000:main_project.Logs.service_logs:Assign days_historic parameter >= 2.
2021-03-11 17:00:00,000:main_project.Logs.service_logs:Assign days_historic parameter >= 2.
2021-03-11 17:00:00,000:main_project.Logs.service_logs:Assign days_historic parameter >= 2.
2021-03-11 17:00:00,000:main_project.Logs.service_logs:Assign days_historic parameter >= 2.
2021-03-11 17:00:00,000:main_project.Logs.service_logs:Assign days_historic parameter >= 2.
2021-03-11 17:00:00,000:main_project.Logs.service_logs:Assign days_historic parameter >= 2.
2021-03-11 17:00:00,000:main_project.Logs.service_logs:Assign days_historic parameter >= 2.
2021-03-11 17:00:00,000:main_project.Logs.service_logs:Assign days_historic parameter >= 2.
2021-03-11 17:00:00,000:main_project.Logs.service_logs:Assign days_historic parameter >= 2.
2021-03-11 17:00:00,000:main_project.Logs.service_logs:Assign days_historic parameter >= 2.
2021-03-11 17:00:00,000:main_project.Logs.service_logs:Assign days_historic parameter >= 2.
2021-03-11 17:00:00,000:main_project.Logs.service_logs:Assign days_historic parameter >= 2.
2021-03-11 17:00:00,000:main_project.Logs.service_logs:Assign days_historic parameter >= 2.
2021-03-11 17:00:00,000:main_project.Logs.service_logs:Assign days_historic parameter >= 2.
2021-03-11 17:00:00,000:main_project.Logs.service_logs:Assign days_historic parameter >= 2.
2021-03-11 17:00:00,000:main_project.Logs.service_logs:Assign days_historic parameter >= 2.
2021-03-11 17:00:00,000:main_project.Logs.service_logs:Assign days_historic parameter >= 2.
2021-03-11 17:00:00,000:main_project.Logs.service_logs:Assign days_historic parameter >= 2.
2021-03-11 17:00:00,000:main_project.Logs.service_logs:Assign days_historic parameter >= 2.
2021-03-11 17:00:00,000:main_project.Logs.service_logs:Assign days_historic parameter >= 2.
2021-03-11 17:00:00,000:main_project.Logs.service_logs:Assign days_historic parameter >= 2.
2021-03-11 17:00:00,000:main_project.Logs.service_logs:Assign days_historic parameter >= 2.
2021-03-11 17:00:00,000:main_project.Logs.service_logs:Assign days_historic parameter >= 2.
2021-03-11 17:00:00,000:main_project.Logs.service_logs:Assign days_historic parameter >= 2.
2021-03-11 17:00:00,000:main_project.Logs.service_logs:Assign days_historic parameter >= 2.
2021-03-11 17:00:00,000:main_project.Logs.service_logs:Assign days_historic parameter >= 2.
2021-03-11 17:00:00,000:main_project.Logs.service_logs:Assign days_historic parameter >= 2.
2021-03-11 17:00:00,000:main_project.Logs.service_logs:Assign days_historic parameter >= 2.
2021-03-11 17:00:00,000:main_project.Logs.service_logs:Assign days_historic parameter >= 2.
2021-03-11 17:00:00,000:main_project.Logs.service_logs:Assign days_historic parameter >= 2.
2021-03-11 17:00:00,000:main_project.Logs.service_logs:Assign days_historic parameter >= 2.
2021-03-11 17:00:00,000:main_project.Logs.service_logs:Assign days_historic parameter >= 2.
2021-03-11 17:00:00,000:main_project.Logs.service_logs:Assign days_historic parameter >= 2.
2021-03-11 17:00:00,000:main_project.Logs.service_logs:Assign days_historic parameter >= 2.
2021-03-11 17:00:00,000:main_project.Logs.service_logs:Assign days_historic parameter >= 2.
2021-03-11 17:00:00,000:main_project.Logs.service_logs:Assign days_historic parameter >= 2.
2021-03-11 17:00:00,000:main_project.Logs.service_logs:Assign days_historic parameter >= 2.
2021-03-11 17:00:00,000:main_project.Logs.service_logs:Assign days_historic parameter >= 2.
2021-03-11 17:00:00,000:main_project.Logs.service_logs:Assign days_historic parameter >= 2.
2021-03-11 17:00:00,000:main_project.Logs.service_logs:Assign days_historic parameter >= 2.
2021-03-11 17:00:00,000:main_project.Logs.service_logs:Assign days_historic parameter >= 2.
2021-03-11 17:00:00,000:main_project.Logs.service_logs:Assign days_historic parameter >= 2.
2021-03-11 17:00:00,000:main_project.Logs.service_logs:Assign days_historic parameter >= 2.
2021-03-11 17:00:00,000:main_project.Logs.service_logs:Assign days_historic parameter >= 2.
2021-03-11 17:00:00,000:main_project.Logs.service_logs:Assign days_historic parameter >= 2.
2021-03-11 17:00:00,000:main_project.Logs.service_logs:Assign days_historic parameter >= 2.
2021-03-11 17:00:00,000:main_project.Logs.service_logs:Assign days_historic parameter >= 2.
2021-03-11 17:00:00,000:main_project.Logs.service_logs:Assign days_historic parameter >= 2.
2021-03-11 17:00:00,000:main_project.Logs.service_logs:Assign days_historic parameter >= 2.
2021-03-11 17:00:00,000:main_project.Logs.service_logs:Assign days_historic parameter >= 2.
2021-03-11 17:00:00,000:main_project.Logs.service_logs:Assign days_historic parameter >= 2.
2021-03-11 17:00:00,000:main_project.Logs.service_logs:Assign days_historic parameter >= 2.
2021-03-11 17:00:00,000:main_project.Logs.service_logs:Assign days_historic parameter >= 2.
2021-03-11 17:00:00,000:main_project.Logs.service_logs:Assign days_historic parameter >= 2.
2021-03-11 17:00:00,000:main_project.Logs.service_logs:Assign days_historic parameter >= 2.
2021-03-11 17:00:00,000:main_project.Logs.service_logs:Assign days_historic parameter >= 2.
2021-03-11 17:00:00,000:main_project.Logs.service_logs:Assign days_historic parameter >= 2.
2021-03-11 17:00:00,000:main_project.Logs.service_logs:Assign days_historic parameter >= 2.
2021-03-11 17:00:00,000:main_project.Logs.service_logs:Assign days_historic parameter >= 2.
2021-03-11 17:00:00,000:main_project.Logs.service_logs:Assign days_historic parameter >= 2.
2021-03-11 17:00:00,000:main_project.Logs.service_logs:Assign days_historic parameter >= 2.
2021-03-11 17:00:00,000:main_project.Logs.service_logs:Assign days_historic parameter >= 2.
2021-03-11 17:00:00,000:main_project.Logs.service_logs:Assign days_historic parameter >= 2.
2021-03-11 17:00:00,000:main_project.Logs.service_logs:Assign days_historic parameter >= 2.
2021-03-11 17:00:00,000:main_project.Logs.service_logs:Assign days_historic parameter >= 2.
2021-03-11 17:00:00,000:main_project.Logs.service_logs:Assign days_historic parameter >= 2.
2021-03-11 17:00:00,000:main_project.Logs.service_logs:Assign days_historic parameter >= 2.
2021-03-11 17:00:00,000:main_project.Logs.service_logs:Assign days_historic parameter >= 2.
2021-03-11 17:00:00,000:main_project.Logs.service_logs:Assign days_historic parameter >= 2.
2021-03-11 17:00:00,000:main_project.Logs.service_logs:Assign days_historic parameter >= 2.
2021-03-11 17:00:00,000:main_project.Logs.service_logs:Assign days_historic parameter >= 2.
2021-03-11 17:00:00,000:main_project.Logs.service_logs:Assign days_historic parameter >= 2.
2021-03-11 17:00:00,000:main_project.Logs.service_logs:Assign days_historic parameter >= 2.
2021-03-11 17:00:00,000:main_project.Logs.service_logs:Assign days_historic parameter >= 2.
2021-03-11 17:00:00,000:main_project.Logs.service_logs:Assign days_historic parameter >= 2.
2021-03-11 17:00:00,000:main_project.Logs.service_logs:Assign days_historic parameter >= 2.
2021-03-11 17:00:00,000:main_project.Logs.service_logs:Assign days_historic parameter >= 2.
2021-03-11 17:00:00,000:main_project.Logs.service_logs:Assign days_historic parameter >= 2.
2021-03-11 17:00:00,000:main_project.Logs.service_logs:Assign days_historic parameter >= 2.
2021-03-11 17:00:00,000:main_project.Logs.service_logs:Assign days_historic parameter >= 2.
2021-03-11 17:00:00,000:main_project.Logs.service_logs:Assign days_historic parameter >= 2.
2021-03-11 17:00:00,000:main_project.Logs.service_logs:Assign days_historic parameter >= 2.
2021-03-11 17:00:00,000:main_project.Logs.service_logs:Assign days_historic parameter >= 2.
2021-03-11 17:00:00,000:main_project.Logs.service_logs:Assign days_historic parameter >= 2.
2021-03-11 17:00:00,000:main_project.Logs.service_logs:Assign days_historic parameter >= 2.
2021-03-11 17:00:00,000:main_project.Logs.service_logs:Assign days_historic parameter >= 2.
2021-03-11 17:00:00,000:main_project.Logs.service_logs:Assign days_historic parameter >= 2.
2021-03-11 17:00:00,000:main_project.Logs.service_logs:Assign days_historic parameter >= 2.
2021-03-11 17:00:00,000:main_project.Logs.service_logs:Assign days_historic parameter >= 2.
2021-03-11 17:00:00,000:main_project.Logs.service_logs:Assign days_historic parameter >= 2.
2021-03-11 17:00:00,000:main_project.Logs.service_logs:Assign days_historic parameter >= 2.
2021-03-11 17:00:00,000:main_project.Logs.service_logs:Assign days_historic parameter >= 2.
2021-03-11 17:00:00,000:main_project.Logs.service_logs:Assign days_historic parameter >= 2.
2021-03-11 17:00:00,000:main_project.Logs.service_logs:Assign days_historic parameter >= 2.
2021-03-11 17:00:00,000:main_project.Logs.service_logs:Assign days_historic parameter >= 2.
2021-03-11 17:00:00,000:main_project.Logs.service_logs:Assign days_historic parameter >= 2.
2021-03-11 17:00:00,000:main_project.Logs.service_logs:Assign days_historic parameter >= 2.
2021-03-11 17:00:00,000:main_project.Logs.service_logs:Assign days_historic parameter >= 2.
2021-03-11 17:00:00,000:main_project.Logs.service_logs:Assign days_historic parameter >= 2.
2021-03-11 17:00:00,000:main_project.Logs.service_logs:Assign days_historic parameter >= 2.
2021-03-11 17:00:00,000:main_project.Logs.service_logs:Assign days_historic parameter >= 2.
2021-03-11 17:00:00,000:main_project.Logs.service_logs:Assign days_historic parameter >= 2.
2021-03-11 17:00:00,000:main_project.Logs.service_logs:Assign days_historic parameter >= 2.
2021-03-11 17:00:00,000:main_project.Logs.service_logs:Assign days_historic parameter >= 2.
2021-03-11 17:00:00,000:main_project.Logs.service_logs:Assign days_historic parameter >= 2.
2021-03-11 17:00:00,000:main_project.Logs.service_logs:Assign days_historic parameter >= 2.
2021-03-11 17:00:00,000:main_project.Logs.service_logs:Assign days_historic parameter >= 2.
2021-03-11 17:00:00,000:main_project.Logs.service_logs:Assign days_historic parameter >= 2.
2021-03-11 17:00:00,000:main_project.Logs.service_logs:Assign days_historic parameter >= 2.
2021-03-11 17:00:00,000:main_project.Logs.service_logs:Assign days_historic parameter >= 2.
2021-03-11 17:00:00,000:main_project.Logs.service_logs:Assign days_historic parameter >= 2.
2021-03-11 17:00:00,000:main_project.Logs.service_logs:Assign days_historic parameter >= 2.
2021-03-11 17:00:00,000:main_project.Logs.service_logs:Assign days_historic parameter >= 2.
2021-03-11 17:00:00,000:main_project.Logs.service_logs:Assign days_historic parameter >= 2.
2021-03-11 17:00:00,000:main_project.Logs.service_logs:Assign days_historic parameter >= 2.
2021-03-11 17:00:00,000:main_project.Logs.service_logs:Assign days_historic parameter >= 2.
2021-03-11 17:00:00,000:main_project.Logs.service_logs:Assign days_historic parameter >= 2.
2021-03-11 17:00:00,000:main_project.Logs.service_logs:Assign days_historic parameter >= 2.
2021-03-11 17:00:00,000:main_project.Logs.service_logs:Assign days_historic parameter >= 2.
2021-03-11 17:00:00,000:main_project.Logs.service_logs:Assign days_historic parameter >= 2.
2021-03-11 17:00:00,000:main_project.Logs.service_logs:Assign days_historic parameter >= 2.
2021-03-11 17:00:00,000:main_project.Logs.service_logs:Assign days_historic parameter >= 2.
2021-03-11 17:00:00,000:main_project.Logs.service_logs:Assign days_historic parameter >= 2.
2021-03-11 17:00:00,000:main_project.Logs.service_logs:Assign days_historic parameter >= 2.
2021-03-11 17:00:00,000:main_project.Logs.service_logs:Assign days_historic parameter >= 2.
2021-03-11 17:00:00,000:main_project.Logs.service_logs:Assign days_historic parameter >= 2.
2021-03-11 17:00:00,000:main_project.Logs.service_logs:Assign days_historic parameter >= 2.
2021-03-11 17:00:00,000:main_project.Logs.service_logs:Assign days_historic parameter >= 2.
2021-03-11 17:00:00,000:main_project.Logs.service_logs:Assign days_historic parameter >= 2.
2021-03-11 17:00:00,000:main_project.Logs.service_logs:Assign days_historic parameter >= 2.
2021-03-11 17:00:00,000:main_project.Logs.service_logs:Assign days_historic parameter >= 2.
2021-03-11 17:00:00,000:main_project.Logs.service_logs:Assign days_historic parameter >= 2.
2021-03-11 17:00:00,000:main_project.Logs.service_logs:Assign days_historic parameter >= 2.
2021-03-11 17:00:00,000:main_project.Logs.service_logs:Assign days_historic parameter >= 2.
2021-03-11 17:00:00,000:main_project.Logs.service_logs:Assign days_historic parameter >= 2.
2021-03-11 17:00:00,000:main_project.Logs.service_logs:Assign days_historic parameter >= 2.
2021-03-11 17:00:00,000:main_project.Logs.service_logs:Assign days_historic parameter >= 2.
2021-03-11 17:00:00,000:main_project.Logs.service_logs:Assign days_historic parameter >= 2.
2021-03-11 17:00:00,000:main_project.Logs.service_logs:Assign days_historic parameter >= 2.
2021-03-11 17:00:00,000:main_project.Logs.service_logs:Assign days_historic parameter >= 2.
2021-03-11 17:00:00,000:main_project.Logs.service_logs:Assign days_historic parameter >= 2.
2021-03-11 17:00:00,000:main_project.Logs.service_logs:Assign days_historic parameter >= 2.
2021-03-11 17:00:00,000:main_project.Logs.service_logs:Assign days_historic parameter >= 2.
2021-03-11 17:00:00,000:main_project.Logs.service_logs:Assign days_historic parameter >= 2.
2021-03-11 17:00:00,000:main_project.Logs.service_logs:Assign days_historic parameter >= 2.
2021-03-11 17:00:00,000:main_project.Logs.service_logs:Assign days_historic parameter >= 2.
2021-03-11 17:00:00,000:main_project.Logs.service_logs:Assign days_historic parameter >= 2.
2021-03-11 17:00:00,000:main_project.Logs.service_logs:Assign days_historic parameter >= 2.
2021-03-11 17:00:00,000:main_project.Logs.service_logs:Assign days_historic parameter >= 2.
2021-03-11 17:00:00,000:main_project.Logs.service_logs:Assign days_historic parameter >= 2.
2021-03-11 17:00:00,000:main_project.Logs.service_logs:Assign days_historic parameter >= 2.
2021-03-11 17:00:00,000:main_project.Logs.service_logs:Assign days_historic parameter >= 2.
2021-03-11 17:00:00,000:main_project.Logs.service_logs:Assign days_historic parameter >= 2.
2021-03-11 17:00:00,000:main_project.Logs.service_logs:Assign days_historic parameter >= 2.
2021-03-11 17:00:00,000:main_project.Logs.service_logs:Assign days_historic parameter >= 2.
2021-03-11 17:00:00,000:main_project.Logs.service_logs:Assign days_historic parameter >= 2.
2021-03-11 17:00:00,000:main_project.Logs.service_logs:Assign days_historic parameter >= 2.
2021-03-11 17:00:00,000:main_project.Logs.service_logs:Assign days_historic parameter >= 2.
2021-03-11 17:00:00,000:main_project.Logs.service_logs:Assign days_historic parameter >= 2.
2021-03-11 17:00:00,000:main_project.Logs.service_logs:Assign days_historic parameter >= 2.
2021-03-11 17:00:00,000:main_project.Logs.service_logs:Assign days_historic parameter >= 2.
2021-03-11 17:00:00,000:main_project.Logs.service_logs:Assign days_historic parameter >= 2.
2021-03-11 17:00:00,000:main_project.Logs.service_logs:Assign days_historic parameter >= 2.
2021-03-11 17:00:00,000:main_project.Logs.service_logs:Assign days_historic parameter >= 2.
2021-03-11 17:00:00,000:main_project.Logs.service_logs:Assign days_historic parameter >= 2.
2021-03-11 17:00:00,000:main_project.Logs.service_logs:Assign days_historic parameter >= 2.
2021-03-11 17:00:00,000:main_project.Logs.service_logs:Assign days_historic parameter >= 2.
2021-03-11 17:00:00,000:main_project.Logs.service_logs:Assign days_historic parameter >= 2.
2021-03-11 17:00:00,000:main_project.Logs.service_logs:Assign days_historic parameter >= 2.
2021-03-11 17:00:00,000:main_project.Logs.service_logs:Assign days_historic parameter >= 2.
2021-03-11 17:00:00,000:main_project.Logs.service_logs:Assign days_historic parameter >= 2.
2021-03-11 17:00:00,000:main_project.Logs.service_logs:Assign days_historic parameter >= 2.
2021-03-11 17:00:00,000:main_project.Logs.service_logs:Assign days_historic parameter >= 2.
2021-03-11 17:00:00,000:main_project.Logs.service_logs:Assign days_historic parameter >= 2.
2021-03-11 17:00:00,000:main_project.Logs.service_logs:Assign days_historic parameter >= 2.
2021-03-11 17:00:00,000:main_project.Logs.service_logs:Assign days_historic parameter >= 2.
2021-03-11 17:00:00,000:main_project.Logs.service_logs:Assign days_historic parameter >= 2.
2021-03-11 17:00:00,000:main_project.Logs.service_logs:Assign days_historic parameter >= 2.
2021-03-11 17:00:00,000:main_project.Logs.service_logs:Assign days_historic parameter >= 2.
2021-03-11 17:00:00,000:main_project.Logs.service_logs:Assign days_historic parameter >= 2.
2021-03-11 17:00:00,000:main_project.Logs.service_logs:Assign days_historic parameter >= 2.
2021-03-11 17:00:00,000:main_project.Logs.service_logs:Assign days_historic parameter >= 2.
2021-03-11 17:00:00,000:main_project.Logs.service_logs:Assign days_historic parameter >= 2.
2021-03-11 17:00:00,000:main_project.Logs.service_logs:Assign days_historic parameter >= 2.
2021-03-11 17:00:00,000:main_project.Logs.service_logs:Assign days_historic parameter >= 2.
2021-03-11 17:00:00,000:main_project.Logs.service_logs:Assign days_historic parameter >= 2.
2021-03-11 17:00:00,000:main_project.Logs.service_logs:Assign days_historic parameter >= 2.
2021-03-11 17:00:00,000:main_project.Logs.service_logs:Assign days_historic parameter >= 2.
2021-03-11 17:00:00,000:main_project.Logs.service_logs:Assign days_historic parameter >= 2.
2021-03-11 17:00:00,000:main_project.Logs.service_logs:Assign days_historic parameter >= 2.
2021-03-11 17:00:00,000:main_project.Logs.service_logs:Assign days_historic parameter >= 2.
2021-03-11 17:00:00,000:main_project.Logs.service_logs:Assign days_historic parameter >= 2.
2021-03-11 17:00:00,000:main_project.Logs.service_logs:Assign days_historic parameter >= 2.
2021-03-11 17:00:00,000:main_project.Logs.service_logs:Assign days_historic parameter >= 2.
2021-03-11 17:00:00,000:main_project.Logs.service_logs:Assign days_historic parameter >= 2.
2021-03-11 17:00:00,000:main_project.Logs.service_logs:Assign days_historic parameter >= 2.
2021-03-11 17:00:00,000:main_project.Logs.service_logs:Assign days_historic parameter >= 2.
2021-03-11 17:00:00,000:main_project.Logs.service_logs:Assign days_historic parameter >= 2.
2021-03-11 17:00:00,000:main_project.Logs.service_logs:Assign days_historic parameter >= 2.
2021-03-11 17:00:00,000:main_project.Logs.service_logs:Assign days_historic parameter >= 2.
2021-03-11 17:00:00,000:main_project.Logs.service_logs:Assign days_historic parameter >= 2.
2021-03-11 17:00:00,000:main_project.Logs.service_logs:Assign days_historic parameter >= 2.
2021-03-11 17:00:00,000:main_project.Logs.service_logs:Assign days_historic parameter >= 2.
2021-03-11 17:00:00,000:main_project.Logs.service_logs:Assign days_historic parameter >= 2.
2021-03-11 17:00:00,000:main_project.Logs.service_logs:Assign days_historic parameter >= 2.
2021-03-11 17:00:00,000:main_project.Logs.service_logs:Assign days_historic parameter >= 2.
2021-03-11 17:00:00,000:main_project.Logs.service_logs:Assign days_historic parameter >= 2.
2021-03-11 17:00:00,000:main_project.Logs.service_logs:Assign days_historic parameter >= 2.
2021-03-11 17:00:00,000:main_project.Logs.service_logs:Assign days_historic parameter >= 2.
2021-03-11 17:00:00,000:main_project.Logs.service_logs:Assign days_historic parameter >= 2.
2021-03-11 17:00:00,000:main_project.Logs.service_logs:Assign days_historic parameter >= 2.
2021-03-11 17:00:00,000:main_project.Logs.service_logs:Assign days_historic parameter >= 2.
2021-03-11 17:00:00,000:main_project.Logs.service_logs:Assign days_historic parameter >= 2.
2021-03-11 17:00:00,000:main_project.Logs.service_logs:Assign days_historic parameter >= 2.
2021-03-11 17:00:00,000:main_project.Logs.service_logs:Assign days_historic parameter >= 2.
2021-03-11 17:00:00,000:main_project.Logs.service_logs:Assign days_historic parameter >= 2.
2021-03-11 17:00:00,000:main_project.Logs.service_logs:Assign days_historic parameter >= 2.
2021-03-11 17:00:00,000:main_project.Logs.service_logs:Assign days_historic parameter >= 2.
2021-03-11 17:00:00,000:main_project.Logs.service_logs:Assign days_historic parameter >= 2.
2021-03-11 17:00:00,000:main_project.Logs.service_logs:Assign days_historic parameter >= 2.
2021-03-11 17:00:00,000:main_project.Logs.service_logs:Assign days_historic parameter >= 2.
2021-03-11 17:00:00,000:main_project.Logs.service_logs:Assign days_historic parameter >= 2.
2021-03-11 17:00:00,000:main_project.Logs.service_logs:Assign days_historic parameter >= 2.
2021-03-11 17:00:00,000:main_project.Logs.service_logs:Assign days_historic parameter >= 2.
2021-03-11 17:00:00,000:main_project.Logs.service_logs:Assign days_historic parameter >= 2.
2021-03-11 17:00:00,000:main_project.Logs.service_logs:Assign days_historic parameter >= 2.
2021-03-11 17:00:00,000:main_project.Logs.service_logs:Assign days_historic parameter >= 2.
2021-03-11 17:00:00,000:main_project.Logs.service_logs:Assign days_historic parameter >= 2.
2021-03-11 17:00:00,000:main_project.Logs.service_logs:Assign days_historic parameter >= 2.
2021-03-11 17:00:00,000:main_project.Logs.service_logs:Assign days_historic parameter >= 2.
2021-03-11 17:00:00,000:main_project.Logs.service_logs:Assign days_historic parameter >= 2.
2021-03-11 17:00:00,000:main_project.Logs.service_logs:Assign days_historic parameter >= 2.
2021-03-11 17:00:00,000:main_project.Logs.service_logs:Assign days_historic parameter >= 2.
2021-03-11 17:00:00,000:main_project.Logs.service_logs:Assign days_historic parameter >= 2.
2021-03-11 17:00:00,000:main_project.Logs.service_logs:Assign days_historic parameter >= 2.
2021-03-11 17:00:00,000:main_project.Logs.service_logs:Assign days_historic parameter >= 2.
2021-03-11 17:00:00,000:main_project.Logs.service_logs:Assign days_historic parameter >= 2.
2021-03-11 17:00:00,000:main_project.Logs.service_logs:Assign days_historic parameter >= 2.
2021-03-11 17:00:00,000:main_project.Logs.service_logs:Assign days_historic parameter >= 2.
2021-03-11 17:00:00,000:main_project.Logs.service_logs:Assign days_historic parameter >= 2.
2021-03-11 17:00:00,000:main_project.Logs.service_logs:Assign days_historic parameter >= 2.
2021-03-11 17:00:00,000:main_project.Logs.service_logs:Assign days_historic parameter >= 2.
2021-03-11 17:00:00,000:main_project.Logs.service_logs:Assign days_historic parameter >= 2.
2021-03-11 17:00:00,000:main_project.Logs.service_logs:Assign days_historic parameter >= 2.
2021-03-11 17:00:00,000:main_project.Logs.service_logs:Assign days_historic parameter >= 2.
2021-03-11 17:00:00,000:main_project.Logs.service_logs:Assign days_historic parameter >= 2.
2021-03-11 17:00:00,000:main_project.Logs.service_logs:Assign days_historic parameter >= 2.
2021-03-11 17:00:00,000:main_project.Logs.service_logs:Assign days_historic parameter >= 2.
2021-03-11 17:00:00,000:main_project.Logs.service_logs:Assign days_historic parameter >= 2.
2021-03-11 17:00:00,000:main_project.Logs.service_logs:Assign days_historic parameter >= 2.
2021-03-11 17:00:00,000:main_project.Logs.service_logs:Assign days_historic parameter >= 2.
2021-03-11 17:00:00,000:main_project.Logs.service_logs:Assign days_historic parameter >= 2.
2021-03-11 17:00:00,000:main_project.Logs.service_logs:Assign days_historic parameter >= 2.
2021-03-11 17:00:00,000:main_project.Logs.service_logs:Assign days_historic parameter >= 2.
2021-03-11 17:00:00,000:main_project.Logs.service_logs:Assign days_historic parameter >= 2.
2021-03-11 17:00:00,000:main_project.Logs.service_logs:Assign days_historic parameter >= 2.
2021-03-11 17:00:00,000:main_project.Logs.service_logs:Assign days_historic parameter >= 2.
2021-03-11 17:00:00,000:main_project.Logs.service_logs:Assign days_historic parameter >= 2.
2021-03-11 17:00:00,000:main_project.Logs.service_logs:Assign days_historic parameter >= 2.
2021-03-11 17:00:00,000:main_project.Logs.service_logs:Assign days_historic parameter >= 2.
2021-03-11 17:00:00,000:main_project.Logs.service_logs:Assign days_historic parameter >= 2.
2021-03-11 17:00:00,000:main_project.Logs.service_logs:Assign days_historic parameter >= 2.
2021-03-11 17:00:00,000:main_project.Logs.service_logs:Assign days_historic parameter >= 2.
2021-03-11 17:00:00,000:main_project.Logs.service_logs:Assign days_historic parameter >= 2.
2021-03-11 17:00:00,000:main_project.Logs.service_logs:Assign days_historic parameter >= 2.
2021-03-11 17:00:00,000:main_project.Logs.service_logs:Assign days_historic parameter >= 2.
2021-03-11 17:00:00,000:main_project.Logs.service_logs:Assign days_historic parameter >= 2.
2021-03-11 17:00:00,000:main_project.Logs.service_logs:Assign days_historic parameter >= 2.
2021-03-11 17:00:00,000:main_project.Logs.service_logs:Assign days_historic parameter >= 2.
2021-03-11 17:00:00,000:main_project.Logs.service_logs:Assign days_historic parameter >= 2.
2021-03-11 17:00:00,000:main_project.Logs.service_logs:Assign days_historic parameter >= 2.
2021-03-11 17:00:00,000:main_project.Logs.service_logs:Assign days_historic parameter >= 2.
2021-03-11 17:00:00,000:main_project.Logs.service_logs:Assign days_historic parameter >= 2.
2021-03-11 17:00:00,000:main_project.Logs.service_logs:Assign days_historic parameter >= 2.
2021-03-11 17:00:00,000:main_project.Logs.service_logs:Assign days_historic parameter >= 2.
2021-03-11 17:00:00,000:main_project.Logs.service_logs:Assign days_historic parameter >= 2.
2021-03-11 17:00:00,000:main_project.Logs.service_logs:Assign days_historic parameter >= 2.
2021-03-11 17:00:00,000:main_project.Logs.service_logs:Assign days_historic parameter >= 2.
2021-03-11 17:00:00,000:main_project.Logs.service_logs:Assign days_historic parameter >= 2.
2021-03-11 17:00:00,000:main_project.Logs.service_logs:Assign days_historic parameter >= 2.
2021-03-11 17:00:00,000:main_project.Logs.service_logs:Assign days_historic parameter >= 2.
2021-03-11 17:00:00,000:main_project.Logs.service_logs:Assign days_historic parameter >= 2.
2021-03-11 17:00:00,000:main_project.Logs.service_logs:Assign days_historic parameter >= 2.
2021-03-11 17:00:00,000:main_project.Logs.service_logs:Assign days_historic parameter >= 2.
2021-03-11 17:00:00,000:main_project.Logs.service_logs:Assign days_historic parameter >= 2.
2021-03-11 17:00:00,000:main_project.Logs.service_logs:Assign days_historic parameter >= 2.
2021-03-11 17:00:00,000:main_project.Logs.service_logs:Assign days_historic parameter >= 2.
2021-03-11 17:00:00,000:main_project.Logs.service_logs:Assign days_historic parameter >= 2.
2021-03-11 17:00:00,000:main_project.Logs.service_logs:Assign days_historic parameter >= 2.
2021-03-11 17:00:00,000:main_project.Logs.service_logs:Assign days_historic parameter >= 2.
2021-03-11 17:00:00,000:main_project.Logs.service_logs:Assign days_historic parameter >= 2.
2021-03-11 17:00:00,000:main_project.Logs.service_logs:Assign days_historic parameter >= 2.
2021-03-11 17:00:00,000:main_project.Logs.service_logs:Assign days_historic parameter >= 2.
2021-03-11 17:00:00,000:main_project.Logs.service_logs:Assign days_historic parameter >= 2.
2021-03-11 17:00:00,000:main_project.Logs.service_logs:Assign days_historic parameter >= 2.
2021-03-11 17:00:00,000:main_project.Logs.service_logs:Assign days_historic parameter >= 2.
2021-03-11 17:00:00,000:main_project.Logs.service_logs:Assign days_historic parameter >= 2.
2021-03-11 17:00:00,000:main_project.Logs.service_logs:Assign days_historic parameter >= 2.
2021-03-11 17:00:00,000:main_project.Logs.service_logs:Assign days_historic parameter >= 2.
2021-03-11 17:00:00,000:main_project.Logs.service_logs:Assign days_historic parameter >= 2.
2021-03-11 17:00:00,000:main_project.Logs.service_logs:Assign days_historic parameter >= 2.
2021-03-11 17:00:00,000:main_project.Logs.service_logs:Assign days_historic parameter >= 2.
2021-03-11 17:00:00,000:main_project.Logs.service_logs:Assign days_historic parameter >= 2.
2021-03-11 17:00:00,000:main_project.Logs.service_logs:Assign days_historic parameter >= 2.
2021-03-11 17:00:00,000:main_project.Logs.service_logs:Assign days_historic parameter >= 2.
2021-03-11 17:00:00,000:main_project.Logs.service_logs:Assign days_historic parameter >= 2.
2021-03-11 17:00:00,000:main_project.Logs.service_logs:Assign days_historic parameter >= 2.
2021-03-11 17:00:00,000:main_project.Logs.service_logs:Assign days_historic parameter >= 2.
2021-03-11 17:00:00,000:main_project.Logs.service_logs:Assign days_historic parameter >= 2.
2021-03-11 17:00:00,000:main_project.Logs.service_logs:Assign days_historic parameter >= 2.
2021-03-11 17:00:00,000:main_project.Logs.service_logs:Assign days_historic parameter >= 2.
2021-03-11 17:00:00,000:main_project.Logs.service_logs:Assign days_historic parameter >= 2.
2021-03-11 17:00:00,000:main_project.Logs.service_logs:Assign days_historic parameter >= 2.
2021-03-11 17:00:00,000:main_project.Logs.service_logs:Assign days_historic parameter >= 2.
2021-03-11 17:00:00,000:main_project.Logs.service_logs:Assign days_historic parameter >= 2.
2021-03-11 17:00:00,000:main_project.Logs.service_logs:Assign days_historic parameter >= 2.
2021-03-11 17:00:00,000:main_project.Logs.service_logs:Assign days_historic parameter >= 2.
2021-03-11 17:00:00,000:main_project.Logs.service_logs:Assign days_historic parameter >= 2.
2021-03-11 17:00:00,000:main_project.Logs.service_logs:Assign days_historic parameter >= 2.
2021-03-11 17:00:00,000:main_project.Logs.service_logs:Assign days_historic parameter >= 2.
2021-03-11 17:00:00,000:main_project.Logs.service_logs:Assign days_historic parameter >= 2.
2021-03-11 17:00:00,000:main_project.Logs.service_logs:Assign days_historic parameter >= 2.
2021-03-11 17:00:00,000:main_project.Logs.service_logs:Assign days_historic parameter >= 2.
2021-03-11 17:00:00,000:main_project.Logs.service_logs:Assign days_historic parameter >= 2.
2021-03-11 17:00:00,000:main_project.Logs.service_logs:Assign days_historic parameter >= 2.
2021-03-11 17:00:00,000:main_project.Logs.service_logs:Assign days_historic parameter >= 2.
2021-03-11 17:00:00,000:main_project.Logs.service_logs:Assign days_historic parameter >= 2.
2021-03-11 17:00:00,000:main_project.Logs.service_logs:Assign days_historic parameter >= 2.
2021-03-11 17:00:00,000:main_project.Logs.service_logs:Assign days_historic parameter >= 2.
2021-03-11 17:00:00,000:main_project.Logs.service_logs:Assign days_historic parameter >= 2.
2021-03-11 17:00:00,000:main_project.Logs.service_logs:Assign days_historic parameter >= 2.
2021-03-11 17:00:00,000:main_project.Logs.service_logs:Assign days_historic parameter >= 2.
2021-03-11 17:00:00,000:main_project.Logs.service_logs:Assign days_historic parameter >= 2.
2021-03-11 17:00:00,000:main_project.Logs.service_logs:Assign days_historic parameter >= 2.
2021-03-11 17:00:00,000:main_project.Logs.service_logs:Assign days_historic parameter >= 2.
2021-03-11 17:00:00,000:main_project.Logs.service_logs:Assign days_historic parameter >= 2.
2021-03-11 17:00:00,000:main_project.Logs.service_logs:Assign days_historic parameter >= 2.
2021-03-11 17:00:00,000:main_project.Logs.service_logs:Assign days_historic parameter >= 2.
2021-03-11 17:00:00,000:main_project.Logs.service_logs:Assign days_historic parameter >= 2.
2021-03-11 17:00:00,000:main_project.Logs.service_logs:Assign days_historic parameter >= 2.
2021-03-11 17:00:00,000:main_project.Logs.service_logs:Assign days_historic parameter >= 2.
2021-03-11 17:00:00,000:main_project.Logs.service_logs:Assign days_historic parameter >= 2.
2021-03-11 17:00:00,000:main_project.Logs.service_logs:Assign days_historic parameter >= 2.
2021-03-11 17:00:00,000:main_project.Logs.service_logs:Assign days_historic parameter >= 2.
2021-03-11 17:00:00,000:main_project.Logs.service_logs:Assign days_historic parameter >= 2.
2021-03-11 17:00:00,000:main_project.Logs.service_logs:Assign days_historic parameter >= 2.
2021-03-11 17:00:00,000:main_project.Logs.service_logs:Assign days_historic parameter >= 2.
2021-03-11 17:00:00,000:main_project.Logs.service_logs:Assign days_historic parameter >= 2.
2021-03-11 17:00:00,000:main_project.Logs.service_logs:Assign days_historic parameter >= 2.
2021-03-11 17:00:00,000:main_project.Logs.service_logs:Assign days_historic parameter >= 2.
2021-03-11 17:00:00,000:main_project.Logs.service_logs:Assign days_historic parameter >= 2.
2021-03-11 17:00:00,000:main_project.Logs.service_logs:Assign days_historic parameter >= 2.
2021-03-11 17:00:00,000:main_project.Logs.service_logs:Assign days_historic parameter >= 2.
2021-03-11 17:00:00,000:main_project.Logs.service_logs:Assign days_historic parameter >= 2.
2021-03-11 17:00:00,000:main_project.Logs.service_logs:Assign days_historic parameter >= 2.
2021-03-11 17:00:00,000:main_project.Logs.service_logs:Assign days_historic parameter >= 2.
2021-03-11 17:00:00,000:main_project.Logs.service_logs:Assign days_historic parameter >= 2.
2021-03-11 17:00:00,000:main_project.Logs.service_logs:Assign days_historic parameter >= 2.
2021-03-11 17:00:00,000:main_project.Logs.service_logs:Assign days_historic parameter >= 2.
2021-03-11 17:00:00,000:main_project.Logs.service_logs:Assign days_historic parameter >= 2.
2021-03-11 17:00:00,000:main_project.Logs.service_logs:Assign days_historic parameter >= 2.
2021-03-11 17:00:00,000:main_project.Logs.service_logs:Assign days_historic parameter >= 2.
2021-03-11 17:00:00,000:main_project.Logs.service_logs:Assign days_historic parameter >= 2.
2021-03-11 17:00:00,000:main_project.Logs.service_logs:Assign days_historic parameter >= 2.
2021-03-11 17:00:00,000:main_project.Logs.service_logs:Assign days_historic parameter >= 2.
2021-03-11 17:00:00,000:main_project.Logs.service_logs:Assign days_historic parameter >= 2.
2021-03-11 17:00:00,000:main_project.Logs.service_logs:Assign days_historic parameter >= 2.
2021-03-11 17:00:00,000:main_project.Logs.service_logs:Assign days_historic parameter >= 2.
2021-03-11 17:00:00,000:main_project.Logs.service_logs:Assign days_historic parameter >= 2.
2021-03-11 17:00:00,000:main_project.Logs.service_logs:Assign days_historic parameter >= 2.
2021-03-11 17:00:00,000:main_project.Logs.service_logs:Assign days_historic parameter >= 2.
2021-03-11 17:00:00,000:main_project.Logs.service_logs:Assign days_historic parameter >= 2.
2021-03-11 17:00:00,000:main_project.Logs.service_logs:Assign days_historic parameter >= 2.
2021-03-11 17:00:00,000:main_project.Logs.service_logs:Assign days_historic parameter >= 2.
2021-03-11 17:00:00,000:main_project.Logs.service_logs:Assign days_historic parameter >= 2.
2021-03-11 17:00:00,000:main_project.Logs.service_logs:Assign days_historic parameter >= 2.
2021-03-11 17:00:00,000:main_project.Logs.service_logs:Assign days_historic parameter >= 2.
2021-03-11 17:00:00,000:main_project.Logs.service_logs:Assign days_historic parameter >= 2.
2021-03-11 17:00:00,000:main_project.Logs.service_logs:Assign days_historic parameter >= 2.
2021-03-11 17:00:00,000:main_project.Logs.service_logs:Assign days_historic parameter >= 2.
2021-03-11 17:00:00,000:main_project.Logs.service_logs:Assign days_historic parameter >= 2.
2021-03-11 17:00:00,000:main_project.Logs.service_logs:Assign days_historic parameter >= 2.
2021-03-11 17:00:00,000:main_project.Logs.service_logs:Assign days_historic parameter >= 2.
2021-03-11 17:00:00,000:main_project.Logs.service_logs:Assign days_historic parameter >= 2.
2021-03-11 17:00:00,000:main_project.Logs.service_logs:Assign days_historic parameter >= 2.
2021-03-11 17:00:00,000:main_project.Logs.service_logs:Assign days_historic parameter >= 2.
2021-03-11 17:00:00,000:main_project.Logs.service_logs:Assign days_historic parameter >= 2.
2021-04-07 11:22:31,859:main_project.Logs.service_logs:Failed to execute bikes usage based on location.Check overall location API.
Traceback (most recent call last):
  File "C:\Users\joshu\OneDrive\Documents\Semester2\Advance_Software_Engineering\sustainable-city-management\sustainableCityManagement\main_project\Bike_API\graphvalues_bike.py", line 79, in graphvalue_call_overall
    tmpDict[day_ahead] = fetched_predicted[-1]["data"]["in_use"]
IndexError: list index out of range
2021-03-11 17:00:00,000:main_project.Logs.service_logs:Assign days_historic parameter >= 2.
2021-03-11 17:00:00,000:main_project.Logs.service_logs:Assign days_historic parameter >= 2.
2021-03-11 17:00:00,000:main_project.Logs.service_logs:Assign days_historic parameter >= 2.
2021-03-11 17:00:00,000:main_project.Logs.service_logs:Assign days_historic parameter >= 2.
